#
# There is insufficient memory for the Java Runtime Environment to continue.
# Native memory allocation (mmap) failed to map 134217728 bytes for G1 virtual space
# Possible reasons:
#   The system is out of physical RAM or swap space
#   The process is running with CompressedOops enabled, and the Java Heap may be blocking the growth of the native heap
# Possible solutions:
#   Reduce memory load on the system
#   Increase physical memory or swap space
#   Check if swap backing store is full
#   Decrease Java heap size (-Xmx/-Xms)
#   Decrease number of Java threads
#   Decrease Java thread stack sizes (-Xss)
#   Set larger code cache with -XX:ReservedCodeCacheSize=
#   JVM is running with Unscaled Compressed Oops mode in which the Java heap is
#     placed in the first 4GB address space. The Java Heap base address is the
#     maximum limit for the native heap growth. Please use -XX:HeapBaseMinAddress
#     to set the Java Heap base and to place the Java Heap above 4GB virtual address.
# This output file may be truncated or incomplete.
#
#  Out of Memory Error (os_windows.cpp:3532), pid=11192, tid=11064
#
# JRE version:  (17.0.2+8) (build )
# Java VM: Java HotSpot(TM) 64-Bit Server VM (17.0.2+8-LTS-86, mixed mode, sharing, tiered, compressed oops, compressed class ptrs, g1 gc, windows-amd64)
# No core dump will be written. Minidumps are not enabled by default on client versions of Windows
#

---------------  S U M M A R Y ------------

Command Line: -ea -Didea.test.cyclic.buffer.size=1048576 -javaagent:D:\Program Files\JetBrains\IntelliJ IDEA U 2021.3\lib\idea_rt.jar=56058:D:\Program Files\JetBrains\IntelliJ IDEA U 2021.3\bin -Dfile.encoding=UTF-8 com.intellij.rt.junit.JUnitStarter -ideVersion5 org.javaboy.jdbc.JdbcTest

Host: Intel(R) Core(TM) i5-8250U CPU @ 1.60GHz, 8 cores, 7G,  Windows 11 , 64 bit Build 22000 (10.0.22000.613)
Time: Mon Apr 18 13:55:43 2022  Windows 11 , 64 bit Build 22000 (10.0.22000.613) elapsed time: 0.020454 seconds (0d 0h 0m 0s)

---------------  T H R E A D  ---------------

Current thread (0x000001f4640f6660):  JavaThread "Unknown thread" [_thread_in_vm, id=11064, stack(0x00000084fb200000,0x00000084fb300000)]

Stack: [0x00000084fb200000,0x00000084fb300000]
Native frames: (J=compiled Java code, j=interpreted, Vv=VM code, C=native code)
V  [jvm.dll+0x670baa]
V  [jvm.dll+0x7cfcb4]
V  [jvm.dll+0x7d145e]
V  [jvm.dll+0x7d1ac3]
V  [jvm.dll+0x242bc5]
V  [jvm.dll+0x66dac9]
V  [jvm.dll+0x662412]
V  [jvm.dll+0x300c0b]
V  [jvm.dll+0x3081a6]
V  [jvm.dll+0x357d0e]
V  [jvm.dll+0x357f3f]
V  [jvm.dll+0x2d7ec8]
V  [jvm.dll+0x2d8e34]
V  [jvm.dll+0x7a18c1]
V  [jvm.dll+0x365a91]
V  [jvm.dll+0x780d2c]
V  [jvm.dll+0x3e845f]
V  [jvm.dll+0x3e9f01]
C  [jli.dll+0x527b]
C  [ucrtbase.dll+0x26c0c]
C  [KERNEL32.DLL+0x154e0]
C  [ntdll.dll+0x485b]


---------------  P R O C E S S  ---------------

Threads class SMR info:
_java_thread_list=0x00007ffa317d9858, length=0, elements={
}

Java Threads: ( => current thread )

Other Threads:
  0x000001f464136c20 GCTaskThread "GC Thread#0" [stack: 0x00000084fb300000,0x00000084fb400000] [id=11784]
  0x000001f464149810 ConcurrentGCThread "G1 Main Marker" [stack: 0x00000084fb400000,0x00000084fb500000] [id=11912]
  0x000001f46414a9d0 ConcurrentGCThread "G1 Conc#0" [stack: 0x00000084fb500000,0x00000084fb600000] [id=8900]

[error occurred during error reporting (printing all threads), id 0xc0000005, EXCEPTION_ACCESS_VIOLATION (0xc0000005) at pc=0x00007ffa310288a7]

VM state: not at safepoint (not fully initialized)

VM Mutex/Monitor currently owned by a thread:  ([mutex/lock_event])
[0x000001f4640f3140] Heap_lock - owner thread: 0x000001f4640f6660

Heap address: 0x0000000081c00000, size: 2020 MB, Compressed Oops mode: 32-bit

CDS archive(s) mapped at: [0x0000000000000000-0x0000000000000000-0x0000000000000000), size 0, SharedBaseAddress: 0x0000000800000000, ArchiveRelocationMode: 0.
Narrow klass base: 0x0000000000000000, Narrow klass shift: 0, Narrow klass range: 0x0

GC Precious Log:
<Empty>

Heap:
 garbage-first heap   total 0K, used 0K [0x0000000081c00000, 0x0000000100000000)
  region size 1024K, 0 young (0K), 0 survivors (0K)

[error occurred during error reporting (printing heap information), id 0xc0000005, EXCEPTION_ACCESS_VIOLATION (0xc0000005) at pc=0x00007ffa31409f19]

GC Heap History (0 events):
No events

Deoptimization events (0 events):
No events

Classes unloaded (0 events):
No events

Classes redefined (0 events):
No events

Internal exceptions (0 events):
No events

VM Operations (0 events):
No events

Events (1 events):
Event: 0.013 Loaded shared library D:\Program Files\Java\jdk-17.0.2\bin\java.dll


Dynamic libraries:
0x00007ff737d60000 - 0x00007ff737d70000 	D:\Program Files\Java\jdk-17.0.2\bin\java.exe
0x00007ffa8b680000 - 0x00007ffa8b889000 	C:\WINDOWS\SYSTEM32\ntdll.dll
0x00007ffa8a980000 - 0x00007ffa8aa3d000 	C:\WINDOWS\System32\KERNEL32.DLL
0x00007ffa88ce0000 - 0x00007ffa89054000 	C:\WINDOWS\System32\KERNELBASE.dll
0x00007ffa888c0000 - 0x00007ffa889d1000 	C:\WINDOWS\System32\ucrtbase.dll
0x00007ffa5bfc0000 - 0x00007ffa5bfd8000 	D:\Program Files\Java\jdk-17.0.2\bin\jli.dll
0x00007ffa68ac0000 - 0x00007ffa68ada000 	D:\Program Files\Java\jdk-17.0.2\bin\VCRUNTIME140.dll
0x00007ffa8a690000 - 0x00007ffa8a73e000 	C:\WINDOWS\System32\ADVAPI32.dll
0x00007ffa8b0d0000 - 0x00007ffa8b173000 	C:\WINDOWS\System32\msvcrt.dll
0x00007ffa8b570000 - 0x00007ffa8b60e000 	C:\WINDOWS\System32\sechost.dll
0x00007ffa8aa70000 - 0x00007ffa8ab90000 	C:\WINDOWS\System32\RPCRT4.dll
0x00007ffa8a1f0000 - 0x00007ffa8a39c000 	C:\WINDOWS\System32\USER32.dll
0x00007ffa88700000 - 0x00007ffa88726000 	C:\WINDOWS\System32\win32u.dll
0x00007ffa70220000 - 0x00007ffa704c5000 	C:\WINDOWS\WinSxS\amd64_microsoft.windows.common-controls_6595b64144ccf1df_6.0.22000.120_none_9d947278b86cc467\COMCTL32.dll
0x00007ffa8aa40000 - 0x00007ffa8aa69000 	C:\WINDOWS\System32\GDI32.dll
0x00007ffa88b40000 - 0x00007ffa88c52000 	C:\WINDOWS\System32\gdi32full.dll
0x00007ffa88aa0000 - 0x00007ffa88b3d000 	C:\WINDOWS\System32\msvcp_win.dll
0x00007ffa7b680000 - 0x00007ffa7b68a000 	C:\WINDOWS\SYSTEM32\VERSION.dll
0x00007ffa8b530000 - 0x00007ffa8b561000 	C:\WINDOWS\System32\IMM32.DLL
0x00007ffa71400000 - 0x00007ffa7140c000 	D:\Program Files\Java\jdk-17.0.2\bin\vcruntime140_1.dll
0x00007ffa506a0000 - 0x00007ffa5072d000 	D:\Program Files\Java\jdk-17.0.2\bin\msvcp140.dll
0x00007ffa30d40000 - 0x00007ffa31901000 	D:\Program Files\Java\jdk-17.0.2\bin\server\jvm.dll
0x00007ffa8a180000 - 0x00007ffa8a188000 	C:\WINDOWS\System32\PSAPI.DLL
0x00007ffa84f00000 - 0x00007ffa84f09000 	C:\WINDOWS\SYSTEM32\WSOCK32.dll
0x00007ffa796b0000 - 0x00007ffa796e3000 	C:\WINDOWS\SYSTEM32\WINMM.dll
0x00007ffa896b0000 - 0x00007ffa8971f000 	C:\WINDOWS\System32\WS2_32.dll
0x00007ffa88830000 - 0x00007ffa88848000 	C:\WINDOWS\System32\kernel.appcore.dll
0x00007ffa707b0000 - 0x00007ffa707ba000 	D:\Program Files\Java\jdk-17.0.2\bin\jimage.dll
0x00007ffa783c0000 - 0x00007ffa785e1000 	C:\WINDOWS\SYSTEM32\DBGHELP.DLL
0x00007ffa70570000 - 0x00007ffa705a1000 	C:\WINDOWS\SYSTEM32\dbgcore.DLL
0x00007ffa88c60000 - 0x00007ffa88cdf000 	C:\WINDOWS\System32\bcryptPrimitives.dll
0x00007ffa84f10000 - 0x00007ffa84f1e000 	D:\Program Files\Java\jdk-17.0.2\bin\instrument.dll
0x00007ffa5bb50000 - 0x00007ffa5bb75000 	D:\Program Files\Java\jdk-17.0.2\bin\java.dll

dbghelp: loaded successfully - version: 4.0.5 - missing functions: none
symbol engine: initialized successfully - sym options: 0x614 - pdb path: .;D:\Program Files\Java\jdk-17.0.2\bin;C:\WINDOWS\SYSTEM32;C:\WINDOWS\WinSxS\amd64_microsoft.windows.common-controls_6595b64144ccf1df_6.0.22000.120_none_9d947278b86cc467;D:\Program Files\Java\jdk-17.0.2\bin\server

VM Arguments:
jvm_args: -ea -Didea.test.cyclic.buffer.size=1048576 -javaagent:D:\Program Files\JetBrains\IntelliJ IDEA U 2021.3\lib\idea_rt.jar=56058:D:\Program Files\JetBrains\IntelliJ IDEA U 2021.3\bin -Dfile.encoding=UTF-8 
java_command: com.intellij.rt.junit.JUnitStarter -ideVersion5 org.javaboy.jdbc.JdbcTest
java_class_path (initial): D:\Program Files\JetBrains\IntelliJ IDEA U 2021.3\lib\idea_rt.jar;D:\Program Files\JetBrains\IntelliJ IDEA U 2021.3\plugins\junit\lib\junit5-rt.jar;D:\Program Files\JetBrains\IntelliJ IDEA U 2021.3\plugins\junit\lib\junit-rt.jar;D:\ProgramData\IntelliJ-IDEA-2022\Spring\JdbcTemplate\target\test-classes;D:\ProgramData\IntelliJ-IDEA-2022\Spring\JdbcTemplate\target\classes;C:\Users\Mi-PRO-2020\.m2\repository\org\springframework\spring-context\5.3.18\spring-context-5.3.18.jar;C:\Users\Mi-PRO-2020\.m2\repository\org\springframework\spring-aop\5.3.18\spring-aop-5.3.18.jar;C:\Users\Mi-PRO-2020\.m2\repository\org\springframework\spring-beans\5.3.18\spring-beans-5.3.18.jar;C:\Users\Mi-PRO-2020\.m2\repository\org\springframework\spring-core\5.3.18\spring-core-5.3.18.jar;C:\Users\Mi-PRO-2020\.m2\repository\org\springframework\spring-jcl\5.3.18\spring-jcl-5.3.18.jar;C:\Users\Mi-PRO-2020\.m2\repository\org\springframework\spring-expression\5.3.18\spring-expression-5.3.18.jar;C:\Users\Mi-PRO-2020\.m2\repository\org\springframework\spring-jdbc\5.3.18\spring-jdbc-5.3.18.jar;C:\Users\Mi-PRO-2020\.m2\repository\org\springframework\spring-tx\5.3.18\spring-tx-5.3.18.jar;C:\Users\Mi-PRO-2020\.m2\repository\mysql\mysql-connector-java\8.0.28\mysql-connector-java-8.0.28.jar;C:\Users\Mi-PRO-2020\.m2\repository\com\google\protobuf\protobuf-java\3.11.4\protobuf-java-3.11.4.jar;C:\Users\Mi-PRO-2020\.m2\repository\junit\junit\4.13.2\junit-4.13.2.jar;C:\Users\Mi-PRO-2020\.m2\repository\org\hamcrest\hamcrest-core\1.3\hamcrest-core-1.3.jar
Launcher Type: SUN_STANDARD

[Global flags]
     intx CICompilerCount                          = 4                                         {product} {ergonomic}
     uint ConcGCThreads                            = 2                                         {product} {ergonomic}
     uint G1ConcRefinementThreads                  = 8                                         {product} {ergonomic}
   size_t G1HeapRegionSize                         = 1048576                                   {product} {ergonomic}
    uintx GCDrainStackTargetSize                   = 64                                        {product} {ergonomic}
   size_t InitialHeapSize                          = 134217728                                 {product} {ergonomic}
   size_t MarkStackSize                            = 4194304                                   {product} {ergonomic}
   size_t MaxHeapSize                              = 2118123520                                {product} {ergonomic}
   size_t MinHeapDeltaBytes                        = 1048576                                   {product} {ergonomic}
   size_t MinHeapSize                              = 8388608                                   {product} {ergonomic}
    uintx NonNMethodCodeHeapSize                   = 5839372                                {pd product} {ergonomic}
    uintx NonProfiledCodeHeapSize                  = 122909434                              {pd product} {ergonomic}
    uintx ProfiledCodeHeapSize                     = 122909434                              {pd product} {ergonomic}
    uintx ReservedCodeCacheSize                    = 251658240                              {pd product} {ergonomic}
     bool SegmentedCodeCache                       = true                                      {product} {ergonomic}
   size_t SoftMaxHeapSize                          = 2118123520                             {manageable} {ergonomic}
     bool UseCompressedClassPointers               = true                           {product lp64_product} {ergonomic}
     bool UseCompressedOops                        = true                           {product lp64_product} {ergonomic}
     bool UseG1GC                                  = true                                      {product} {ergonomic}
     bool UseLargePagesIndividualAllocation        = false                                  {pd product} {ergonomic}

Logging:
Log output configuration:
 #0: stdout all=warning uptime,level,tags
 #1: stderr all=off uptime,level,tags

Environment Variables:
JAVA_HOME=D:\Program Files\Java\jdk-17.0.2
PATH=C:\Users\Mi-PRO-2020\AppData\Local\Programs\Python\Python39\Scripts\;C:\Users\Mi-PRO-2020\AppData\Local\Programs\Python\Python39\;D:\Program Files\Python39\Scripts\;D:\Program Files\Python39\;D:\Program Files\Python310\Scripts\;D:\Program Files\Python310\;C:\Program Files\Common Files\Oracle\Java\javapath;C:\Program Files (x86)\Intel\Intel(R) Management Engine Components\iCLS\;C:\Program Files\Intel\Intel(R) Management Engine Components\iCLS\;C:\WINDOWS\system32;C:\WINDOWS;C:\WINDOWS\System32\Wbem;C:\WINDOWS\System32\WindowsPowerShell\v1.0\;C:\WINDOWS\System32\OpenSSH\;C:\Program Files (x86)\NVIDIA Corporation\PhysX\Common;C:\Program Files\NVIDIA Corporation\NVIDIA NvDLISR;C:\Program Files (x86)\Intel\Intel(R) Management Engine Components\DAL;C:\Program Files\Intel\Intel(R) Management Engine Components\DAL;D:\Program Files (x86)\Dev-Cpp\MinGW64\bin;D:\ProgramData\Git\cmd;D:\Program Files\Go\bin;D:\ProgramData\MinGW\bin;D:\Program Files\Microsoft VS Code\bin;C:\Program Files\dotnet\;C:\Users\Mi-PRO-2020\AppData\Local\Microsoft\WindowsApps;D:\Program Files\Bandizip\;D:\Program Files\JetBrains\PyCharm-Professional-2021.3\bin;;D:\Program Files\JetBrains\CLion 2021.2.3\bin;;D:\Program Files\Bandizip\Bandizip;D:\Program Files\Bandizip;D:\Program Files\JetBrains\IntelliJ IDEA Community Edition\bin;;D:\Program Files\JetBrains\PyCharm Community Edition\bin;;C:\Users\Mi-PRO-2020\AppData\Local\GitHubDesktop\bin;D:\ProgramData\mingw-w64-v9.0.0;;D:\Program Files\JetBrains\IntelliJ IDEA U 2021.3\bin;;D:\Program Files\JetBrains\GoLand 2021.3\bin;;C:\Users\Mi-PRO-2020\go\bin
USERNAME=Mi-PRO-2020
OS=Windows_NT
PROCESSOR_IDENTIFIER=Intel64 Family 6 Model 142 Stepping 10, GenuineIntel



---------------  S Y S T E M  ---------------

OS:
 Windows 11 , 64 bit Build 22000 (10.0.22000.613)
OS uptime: 0 days 6:04 hours

CPU: total 8 (initial active 8) (4 cores per cpu, 2 threads per core) family 6 model 142 stepping 10 microcode 0xe0, cx8, cmov, fxsr, ht, mmx, 3dnowpref, sse, sse2, sse3, ssse3, sse4.1, sse4.2, popcnt, lzcnt, tsc, tscinvbit, avx, avx2, aes, erms, clmul, bmi1, bmi2, adx, fma, vzeroupper, clflush, clflushopt

Memory: 4k page, system-wide physical 8072M (669M free)
TotalPageFile size 8072M (AvailPageFile size 49M)
current process WorkingSet (physical memory assigned to process): 11M, peak: 11M
current process commit charge ("private bytes"): 60M, peak: 188M

vm_info: Java HotSpot(TM) 64-Bit Server VM (17.0.2+8-LTS-86) for windows-amd64 JRE (17.0.2+8-LTS-86), built on Dec  7 2021 21:51:03 by "mach5one" with MS VC++ 16.8 / 16.9 (VS2019)

END.
